2017-07-29 00:08:18 50599     INFO    env                    logToFile                        AppVersion:1.3.0.1,Darwin,x64,darwin,16.6.0,BuiltType:0
2017-07-29 00:08:18 50599     INFO    env                    logToFile                        Clear Logs .
2017-07-29 00:08:18 50599     INFO    window                 SmartWindow                       New SmartWindow INSTANCE. 
2017-07-29 00:08:19 50599     INFO    Interface              SmartProtocol                     New SmartProtocol INSTANCE. 
2017-07-29 00:08:19 50599     INFO    System                 SystemApi                        New SystemApi INSTANCE.
2017-07-29 00:08:19 50629     INFO    env                    logToFile                        AppVersion:1.3.0.1,Darwin,x64,darwin,16.6.0,BuiltType:0
2017-07-29 00:08:19 50629     INFO    env                    logToFile                        Clear Logs .
2017-07-29 00:08:20 50599     bbb     bbb                    bbb                              {}
2017-07-29 00:08:22 50599     INFO    System                 HotplugCallback                  {"PlugType":1,"VID":1112,"PID":376}
2017-07-29 00:08:22 50599     INFO    interface              OnHotPlug                        OnHotPlug
2017-07-29 00:08:22 50599     INFO    main                   GeniusProtocol                   {"Type":1,"SN":null,"Func":"RefreshDevice","Param":{"VID":"458","PID":"178"}}
2017-07-29 00:08:22 50599     INFO    interface              OnHotPlug                        {"Type":1,"SN":null,"Func":"RefreshDevice","Param":{"VID":"458","PID":"178"}}
2017-07-29 00:08:22 50599     [MSG]   [services]             [ProtocolMessage]                ipc on RefreshDevice begin...
2017-07-29 00:08:44 50599     INFO    System                 HotplugCallback                  {"PlugType":0,"VID":1112,"PID":376}
2017-07-29 00:08:44 50599     INFO    interface              OnHotPlug                        OnHotPlug
2017-07-29 00:08:44 50599     INFO    main                   GeniusProtocol                   {"Type":1,"SN":null,"Func":"RefreshDevice","Param":{"VID":"458","PID":"178"}}
2017-07-29 00:08:44 50599     INFO    interface              OnHotPlug                        {"Type":1,"SN":null,"Func":"RefreshDevice","Param":{"VID":"458","PID":"178"}}
2017-07-29 00:08:44 50599     [MSG]   [services]             [ProtocolMessage]                ipc on RefreshDevice begin...
2017-07-29 00:08:47 50668     INFO    env                    logToFile                        AppVersion:1.3.0.1,Darwin,x64,darwin,16.6.0,BuiltType:0
2017-07-29 00:08:47 50668     INFO    env                    logToFile                        Clear Logs .
2017-07-29 00:08:48 50668     INFO    window                 SmartWindow                       New SmartWindow INSTANCE. 
2017-07-29 00:08:48 50668     INFO    Interface              SmartProtocol                     New SmartProtocol INSTANCE. 
2017-07-29 00:08:48 50668     INFO    System                 SystemApi                        New SystemApi INSTANCE.
2017-07-29 00:08:48 50695     INFO    env                    logToFile                        AppVersion:1.3.0.1,Darwin,x64,darwin,16.6.0,BuiltType:0
2017-07-29 00:08:48 50695     INFO    env                    logToFile                        Clear Logs .
2017-07-29 00:08:49 50668     bbb     bbb                    bbb                              {}
2017-07-29 00:08:50 50668     INFO    System                 HotplugCallback                  {"PlugType":1,"VID":1112,"PID":376}
2017-07-29 00:08:50 50668     INFO    interface              OnHotPlug                        OnHotPlug
2017-07-29 00:08:50 50668     INFO    main                   GeniusProtocol                   {"Type":1,"SN":null,"Func":"RefreshDevice","Param":{"VID":"458","PID":"178"}}
2017-07-29 00:08:50 50668     INFO    interface              OnHotPlug                        {"Type":1,"SN":null,"Func":"RefreshDevice","Param":{"VID":"458","PID":"178"}}
2017-07-29 00:08:50 50668     [MSG]   [services]             [ProtocolMessage]                ipc on RefreshDevice begin...
2017-07-29 00:08:53 50668     INFO    System                 HotplugCallback                  {"PlugType":0,"VID":1112,"PID":376}
2017-07-29 00:08:53 50668     INFO    interface              OnHotPlug                        OnHotPlug
2017-07-29 00:08:53 50668     INFO    main                   GeniusProtocol                   {"Type":1,"SN":null,"Func":"RefreshDevice","Param":{"VID":"458","PID":"178"}}
2017-07-29 00:08:53 50668     INFO    interface              OnHotPlug                        {"Type":1,"SN":null,"Func":"RefreshDevice","Param":{"VID":"458","PID":"178"}}
2017-07-29 00:08:53 50668     [MSG]   [services]             [ProtocolMessage]                ipc on RefreshDevice begin...
2017-07-29 01:19:48 50668     INFO    controllers            FirstCtrl2                       FirstCtrl2
2017-07-29 01:20:09 50668     INFO    System                 HotplugCallback                  {"PlugType":1,"VID":1112,"PID":376}
2017-07-29 01:20:09 50668     INFO    interface              OnHotPlug                        OnHotPlug
2017-07-29 01:20:09 50668     INFO    main                   GeniusProtocol                   {"Type":1,"SN":null,"Func":"RefreshDevice","Param":{"VID":"458","PID":"178"}}
2017-07-29 01:20:09 50668     INFO    interface              OnHotPlug                        {"Type":1,"SN":null,"Func":"RefreshDevice","Param":{"VID":"458","PID":"178"}}
2017-07-29 01:20:09 50668     [MSG]   [services]             [ProtocolMessage]                ipc on RefreshDevice begin...
2017-07-29 01:20:11 50668     INFO    System                 HotplugCallback                  {"PlugType":0,"VID":1112,"PID":376}
2017-07-29 01:20:11 50668     INFO    interface              OnHotPlug                        OnHotPlug
2017-07-29 01:20:11 50668     INFO    main                   GeniusProtocol                   {"Type":1,"SN":null,"Func":"RefreshDevice","Param":{"VID":"458","PID":"178"}}
2017-07-29 01:20:11 50668     INFO    interface              OnHotPlug                        {"Type":1,"SN":null,"Func":"RefreshDevice","Param":{"VID":"458","PID":"178"}}
2017-07-29 01:20:11 50668     [MSG]   [services]             [ProtocolMessage]                ipc on RefreshDevice begin...
2017-07-29 01:34:13 50668     INFO    controllers            FirstCtrl2                       FirstCtrl2
2017-07-29 01:34:20 50668     INFO    System                 HotplugCallback                  {"PlugType":1,"VID":1112,"PID":376}
2017-07-29 01:34:20 50668     INFO    interface              OnHotPlug                        OnHotPlug
2017-07-29 01:34:20 50668     INFO    main                   GeniusProtocol                   {"Type":1,"SN":null,"Func":"RefreshDevice","Param":{"VID":"458","PID":"178"}}
2017-07-29 01:34:20 50668     INFO    interface              OnHotPlug                        {"Type":1,"SN":null,"Func":"RefreshDevice","Param":{"VID":"458","PID":"178"}}
2017-07-29 01:34:20 50668     [MSG]   [services]             [ProtocolMessage]                ipc on RefreshDevice begin...
2017-07-29 01:34:26 50668     INFO    controllers            FirstCtrl2                       FirstCtrl2
2017-07-29 01:34:28 50668     INFO    System                 HotplugCallback                  {"PlugType":0,"VID":1112,"PID":376}
2017-07-29 01:34:28 50668     INFO    interface              OnHotPlug                        OnHotPlug
2017-07-29 01:34:28 50668     INFO    main                   GeniusProtocol                   {"Type":1,"SN":null,"Func":"RefreshDevice","Param":{"VID":"458","PID":"178"}}
2017-07-29 01:34:28 50668     INFO    interface              OnHotPlug                        {"Type":1,"SN":null,"Func":"RefreshDevice","Param":{"VID":"458","PID":"178"}}
2017-07-29 01:34:28 50668     [MSG]   [services]             [ProtocolMessage]                ipc on RefreshDevice begin...
2017-07-29 01:34:29 50668     INFO    controllers            FirstCtrl2                       FirstCtrl2
2017-07-29 01:34:35 50668     INFO    System                 HotplugCallback                  {"PlugType":1,"VID":1112,"PID":376}
2017-07-29 01:34:35 50668     INFO    interface              OnHotPlug                        OnHotPlug
2017-07-29 01:34:35 50668     INFO    main                   GeniusProtocol                   {"Type":1,"SN":null,"Func":"RefreshDevice","Param":{"VID":"458","PID":"178"}}
2017-07-29 01:34:35 50668     INFO    interface              OnHotPlug                        {"Type":1,"SN":null,"Func":"RefreshDevice","Param":{"VID":"458","PID":"178"}}
2017-07-29 01:34:35 50668     [MSG]   [services]             [ProtocolMessage]                ipc on RefreshDevice begin...
2017-07-29 01:34:51 50668     INFO    controllers            FirstCtrl2                       FirstCtrl2
2017-07-29 01:35:07 50668     INFO    app                    FirstCtrl                        FirstCtrl
2017-07-29 01:35:09 50668     INFO    app                    FirstCtrl                        FirstCtrl
2017-07-29 01:35:12 50668     INFO    app                    FirstCtrl                        FirstCtrl
2017-07-29 01:48:21 50668     INFO    System                 HotplugCallback                  {"PlugType":0,"VID":1112,"PID":376}
2017-07-29 01:48:21 50668     INFO    interface              OnHotPlug                        OnHotPlug
2017-07-29 01:48:21 50668     INFO    main                   GeniusProtocol                   {"Type":1,"SN":null,"Func":"RefreshDevice","Param":{"VID":"458","PID":"178"}}
2017-07-29 01:48:21 50668     INFO    interface              OnHotPlug                        {"Type":1,"SN":null,"Func":"RefreshDevice","Param":{"VID":"458","PID":"178"}}
2017-07-29 01:48:21 50668     [MSG]   [services]             [ProtocolMessage]                ipc on RefreshDevice begin...
2017-07-29 01:49:08 56326     INFO    env                    logToFile                        AppVersion:1.3.0.1,Darwin,x64,darwin,16.6.0,BuiltType:0
2017-07-29 01:49:08 56326     INFO    env                    logToFile                        Clear Logs .
2017-07-29 01:49:09 56326     INFO    window                 SmartWindow                       New SmartWindow INSTANCE. 
2017-07-29 01:49:09 56326     INFO    Interface              SmartProtocol                     New SmartProtocol INSTANCE. 
2017-07-29 01:49:09 56326     INFO    System                 SystemApi                        New SystemApi INSTANCE.
2017-07-29 01:49:09 56358     INFO    env                    logToFile                        AppVersion:1.3.0.1,Darwin,x64,darwin,16.6.0,BuiltType:0
2017-07-29 01:49:09 56358     INFO    env                    logToFile                        Clear Logs .
2017-07-29 01:49:09 56326     bbb     bbb                    bbb                              {}
2017-07-29 01:50:37 56440     INFO    env                    logToFile                        AppVersion:1.3.0.1,Darwin,x64,darwin,16.6.0,BuiltType:0
2017-07-29 01:50:37 56440     INFO    env                    logToFile                        Clear Logs .
2017-07-29 01:50:38 56440     INFO    window                 SmartWindow                       New SmartWindow INSTANCE. 
2017-07-29 01:50:38 56440     INFO    Interface              SmartProtocol                     New SmartProtocol INSTANCE. 
2017-07-29 01:50:38 56440     INFO    System                 SystemApi                        New SystemApi INSTANCE.
2017-07-29 01:50:39 56464     INFO    env                    logToFile                        AppVersion:1.3.0.1,Darwin,x64,darwin,16.6.0,BuiltType:0
2017-07-29 01:50:39 56464     INFO    env                    logToFile                        Clear Logs .
2017-07-29 01:50:39 56440     bbb     bbb                    bbb                              {}
2017-07-29 01:50:43 56440     INFO    System                 HotplugCallback                  {"PlugType":1,"VID":1112,"PID":376}
2017-07-29 01:50:43 56440     INFO    interface              OnHotPlug                        OnHotPlug
2017-07-29 01:50:43 56440     INFO    main                   GeniusProtocol                   {"Type":1,"SN":null,"Func":"RefreshDevice","Param":{"VID":"458","PID":"178"}}
2017-07-29 01:50:43 56440     INFO    interface              OnHotPlug                        {"Type":1,"SN":null,"Func":"RefreshDevice","Param":{"VID":"458","PID":"178"}}
2017-07-29 01:50:43 56440     [MSG]   [services]             [ProtocolMessage]                ipc on RefreshDevice begin...
2017-07-29 01:51:17 56502     INFO    env                    logToFile                        AppVersion:1.3.0.1,Darwin,x64,darwin,16.6.0,BuiltType:0
2017-07-29 01:51:17 56502     INFO    env                    logToFile                        Clear Logs .
2017-07-29 01:51:17 56502     INFO    window                 SmartWindow                       New SmartWindow INSTANCE. 
2017-07-29 01:51:17 56502     INFO    Interface              SmartProtocol                     New SmartProtocol INSTANCE. 
2017-07-29 01:51:17 56502     INFO    System                 SystemApi                        New SystemApi INSTANCE.
2017-07-29 01:51:18 56529     INFO    env                    logToFile                        AppVersion:1.3.0.1,Darwin,x64,darwin,16.6.0,BuiltType:0
2017-07-29 01:51:18 56529     INFO    env                    logToFile                        Clear Logs .
2017-07-29 01:51:18 56502     bbb     bbb                    bbb                              {}
2017-07-29 01:51:19 56502     INFO    System                 HotplugCallback                  {"PlugType":0,"VID":1112,"PID":376}
2017-07-29 01:51:19 56502     INFO    interface              OnHotPlug                        OnHotPlug
2017-07-29 01:51:19 56502     INFO    main                   GeniusProtocol                   {"Type":1,"SN":null,"Func":"RefreshDevice","Param":{"VID":"458","PID":"178"}}
2017-07-29 01:51:19 56502     INFO    interface              OnHotPlug                        {"Type":1,"SN":null,"Func":"RefreshDevice","Param":{"VID":"458","PID":"178"}}
2017-07-29 01:51:19 56502     [MSG]   [services]             [ProtocolMessage]                ipc on RefreshDevice begin...
2017-07-29 01:51:22 56502     INFO    System                 HotplugCallback                  {"PlugType":1,"VID":1112,"PID":376}
2017-07-29 01:51:22 56502     INFO    interface              OnHotPlug                        OnHotPlug
2017-07-29 01:51:22 56502     INFO    main                   GeniusProtocol                   {"Type":1,"SN":null,"Func":"RefreshDevice","Param":{"VID":"458","PID":"178"}}
2017-07-29 01:51:22 56502     INFO    interface              OnHotPlug                        {"Type":1,"SN":null,"Func":"RefreshDevice","Param":{"VID":"458","PID":"178"}}
2017-07-29 01:51:22 56502     [MSG]   [services]             [ProtocolMessage]                ipc on RefreshDevice begin...
2017-07-29 01:51:38 56568     INFO    env                    logToFile                        AppVersion:1.3.0.1,Darwin,x64,darwin,16.6.0,BuiltType:0
2017-07-29 01:51:38 56568     INFO    env                    logToFile                        Clear Logs .
2017-07-29 01:51:38 56568     INFO    window                 SmartWindow                       New SmartWindow INSTANCE. 
2017-07-29 01:51:38 56568     INFO    Interface              SmartProtocol                     New SmartProtocol INSTANCE. 
2017-07-29 01:51:38 56568     INFO    System                 SystemApi                        New SystemApi INSTANCE.
2017-07-29 01:51:39 56595     INFO    env                    logToFile                        AppVersion:1.3.0.1,Darwin,x64,darwin,16.6.0,BuiltType:0
2017-07-29 01:51:39 56595     INFO    env                    logToFile                        Clear Logs .
2017-07-29 01:51:39 56568     bbb     bbb                    bbb                              {}
2017-07-29 01:51:40 56568     INFO    System                 HotplugCallback                  {"PlugType":0,"VID":1112,"PID":376}
2017-07-29 01:51:40 56568     INFO    interface              OnHotPlug                        OnHotPlug
2017-07-29 01:51:40 56568     INFO    main                   GeniusProtocol                   {"Type":1,"SN":null,"Func":"RefreshDevice","Param":{"VID":"458","PID":"178"}}
2017-07-29 01:51:40 56568     INFO    interface              OnHotPlug                        {"Type":1,"SN":null,"Func":"RefreshDevice","Param":{"VID":"458","PID":"178"}}
2017-07-29 01:51:40 56568     [MSG]   [services]             [ProtocolMessage]                ipc on RefreshDevice begin...
2017-07-29 01:52:02 56632     INFO    env                    logToFile                        AppVersion:1.3.0.1,Darwin,x64,darwin,16.6.0,BuiltType:0
2017-07-29 01:52:02 56632     INFO    env                    logToFile                        Clear Logs .
2017-07-29 01:52:03 56632     INFO    window                 SmartWindow                       New SmartWindow INSTANCE. 
2017-07-29 01:52:03 56632     INFO    Interface              SmartProtocol                     New SmartProtocol INSTANCE. 
2017-07-29 01:52:03 56632     INFO    System                 SystemApi                        New SystemApi INSTANCE.
2017-07-29 01:52:03 56657     INFO    env                    logToFile                        AppVersion:1.3.0.1,Darwin,x64,darwin,16.6.0,BuiltType:0
2017-07-29 01:52:03 56657     INFO    env                    logToFile                        Clear Logs .
2017-07-29 01:52:03 56632     bbb     bbb                    bbb                              {}
2017-07-29 01:52:08 56632     INFO    System                 HotplugCallback                  {"PlugType":1,"VID":1112,"PID":376}
2017-07-29 01:52:08 56632     INFO    interface              OnHotPlug                        OnHotPlug
2017-07-29 01:52:08 56632     INFO    main                   GeniusProtocol                   {"Type":1,"SN":null,"Func":"RefreshDevice","Param":{"VID":"458","PID":"178"}}
2017-07-29 01:52:08 56632     INFO    interface              OnHotPlug                        {"Type":1,"SN":null,"Func":"RefreshDevice","Param":{"VID":"458","PID":"178"}}
2017-07-29 01:52:08 56632     [MSG]   [services]             [ProtocolMessage]                ipc on RefreshDevice begin...
2017-07-29 01:52:09 56632     INFO    System                 HotplugCallback                  {"PlugType":0,"VID":1112,"PID":376}
2017-07-29 01:52:09 56632     INFO    interface              OnHotPlug                        OnHotPlug
2017-07-29 01:52:09 56632     INFO    main                   GeniusProtocol                   {"Type":1,"SN":null,"Func":"RefreshDevice","Param":{"VID":"458","PID":"178"}}
2017-07-29 01:52:09 56632     INFO    interface              OnHotPlug                        {"Type":1,"SN":null,"Func":"RefreshDevice","Param":{"VID":"458","PID":"178"}}
2017-07-29 01:52:09 56632     [MSG]   [services]             [ProtocolMessage]                ipc on RefreshDevice begin...
2017-07-29 01:52:27 56688     INFO    env                    logToFile                        AppVersion:1.3.0.1,Darwin,x64,darwin,16.6.0,BuiltType:0
2017-07-29 01:52:27 56688     INFO    env                    logToFile                        Clear Logs .
2017-07-29 01:52:27 56688     INFO    window                 SmartWindow                       New SmartWindow INSTANCE. 
2017-07-29 01:52:27 56688     INFO    Interface              SmartProtocol                     New SmartProtocol INSTANCE. 
2017-07-29 01:52:27 56688     INFO    System                 SystemApi                        New SystemApi INSTANCE.
2017-07-29 01:52:28 56712     INFO    env                    logToFile                        AppVersion:1.3.0.1,Darwin,x64,darwin,16.6.0,BuiltType:0
2017-07-29 01:52:28 56712     INFO    env                    logToFile                        Clear Logs .
2017-07-29 01:52:28 56688     bbb     bbb                    bbb                              {}
2017-07-29 01:52:30 56688     INFO    System                 HotplugCallback                  {"PlugType":1,"VID":1112,"PID":376}
2017-07-29 01:52:30 56688     INFO    interface              OnHotPlug                        OnHotPlug
2017-07-29 01:52:30 56688     INFO    main                   GeniusProtocol                   {"Type":1,"SN":null,"Func":"RefreshDevice","Param":{"VID":"458","PID":"178"}}
2017-07-29 01:52:30 56688     INFO    interface              OnHotPlug                        {"Type":1,"SN":null,"Func":"RefreshDevice","Param":{"VID":"458","PID":"178"}}
2017-07-29 01:52:30 56688     [MSG]   [services]             [ProtocolMessage]                ipc on RefreshDevice begin...
2017-07-29 01:52:42 56749     INFO    env                    logToFile                        AppVersion:1.3.0.1,Darwin,x64,darwin,16.6.0,BuiltType:0
2017-07-29 01:52:42 56749     INFO    env                    logToFile                        Clear Logs .
2017-07-29 01:52:43 56749     INFO    window                 SmartWindow                       New SmartWindow INSTANCE. 
2017-07-29 01:52:43 56749     INFO    Interface              SmartProtocol                     New SmartProtocol INSTANCE. 
2017-07-29 01:52:43 56749     INFO    System                 SystemApi                        New SystemApi INSTANCE.
2017-07-29 01:52:43 56773     INFO    env                    logToFile                        AppVersion:1.3.0.1,Darwin,x64,darwin,16.6.0,BuiltType:0
2017-07-29 01:52:43 56773     INFO    env                    logToFile                        Clear Logs .
2017-07-29 01:52:43 56749     bbb     bbb                    bbb                              {}
2017-07-29 01:52:44 56749     INFO    System                 HotplugCallback                  {"PlugType":0,"VID":1112,"PID":376}
2017-07-29 01:52:44 56749     INFO    interface              OnHotPlug                        OnHotPlug
2017-07-29 01:52:44 56749     INFO    main                   GeniusProtocol                   {"Type":1,"SN":null,"Func":"RefreshDevice","Param":{"VID":"458","PID":"178"}}
2017-07-29 01:52:44 56749     INFO    interface              OnHotPlug                        {"Type":1,"SN":null,"Func":"RefreshDevice","Param":{"VID":"458","PID":"178"}}
2017-07-29 01:52:44 56749     [MSG]   [services]             [ProtocolMessage]                ipc on RefreshDevice begin...
2017-07-29 01:52:50 56749     INFO    System                 HotplugCallback                  {"PlugType":1,"VID":1112,"PID":376}
2017-07-29 01:52:50 56749     INFO    interface              OnHotPlug                        OnHotPlug
2017-07-29 01:52:50 56749     INFO    main                   GeniusProtocol                   {"Type":1,"SN":null,"Func":"RefreshDevice","Param":{"VID":"458","PID":"178"}}
2017-07-29 01:52:50 56749     INFO    interface              OnHotPlug                        {"Type":1,"SN":null,"Func":"RefreshDevice","Param":{"VID":"458","PID":"178"}}
2017-07-29 01:52:50 56749     [MSG]   [services]             [ProtocolMessage]                ipc on RefreshDevice begin...
2017-07-29 01:53:02 56799     INFO    env                    logToFile                        AppVersion:1.3.0.1,Darwin,x64,darwin,16.6.0,BuiltType:0
2017-07-29 01:53:02 56799     INFO    env                    logToFile                        Clear Logs .
2017-07-29 01:53:02 56799     INFO    window                 SmartWindow                       New SmartWindow INSTANCE. 
2017-07-29 01:53:02 56799     INFO    Interface              SmartProtocol                     New SmartProtocol INSTANCE. 
2017-07-29 01:53:02 56799     INFO    System                 SystemApi                        New SystemApi INSTANCE.
2017-07-29 01:53:03 56823     INFO    env                    logToFile                        AppVersion:1.3.0.1,Darwin,x64,darwin,16.6.0,BuiltType:0
2017-07-29 01:53:03 56823     INFO    env                    logToFile                        Clear Logs .
2017-07-29 01:53:03 56799     bbb     bbb                    bbb                              {}
2017-07-29 01:53:04 56799     INFO    System                 HotplugCallback                  {"PlugType":0,"VID":1112,"PID":376}
2017-07-29 01:53:04 56799     INFO    interface              OnHotPlug                        OnHotPlug
2017-07-29 01:53:04 56799     INFO    main                   GeniusProtocol                   {"Type":1,"SN":null,"Func":"RefreshDevice","Param":{"VID":"458","PID":"178"}}
2017-07-29 01:53:04 56799     INFO    interface              OnHotPlug                        {"Type":1,"SN":null,"Func":"RefreshDevice","Param":{"VID":"458","PID":"178"}}
2017-07-29 01:53:04 56799     [MSG]   [services]             [ProtocolMessage]                ipc on RefreshDevice begin...
2017-07-29 01:53:11 56799     INFO    controllers            FirstCtrl2                       FirstCtrl2
2017-07-29 01:53:17 56799     INFO    System                 HotplugCallback                  {"PlugType":1,"VID":1112,"PID":376}
2017-07-29 01:53:17 56799     INFO    interface              OnHotPlug                        OnHotPlug
2017-07-29 01:53:17 56799     INFO    main                   GeniusProtocol                   {"Type":1,"SN":null,"Func":"RefreshDevice","Param":{"VID":"458","PID":"178"}}
2017-07-29 01:53:17 56799     INFO    interface              OnHotPlug                        {"Type":1,"SN":null,"Func":"RefreshDevice","Param":{"VID":"458","PID":"178"}}
2017-07-29 01:53:17 56799     [MSG]   [services]             [ProtocolMessage]                ipc on RefreshDevice begin...
2017-07-29 01:53:30 56857     INFO    env                    logToFile                        AppVersion:1.3.0.1,Darwin,x64,darwin,16.6.0,BuiltType:0
2017-07-29 01:53:30 56857     INFO    env                    logToFile                        Clear Logs .
2017-07-29 01:53:30 56857     INFO    window                 SmartWindow                       New SmartWindow INSTANCE. 
2017-07-29 01:53:31 56857     INFO    Interface              SmartProtocol                     New SmartProtocol INSTANCE. 
2017-07-29 01:53:31 56857     INFO    System                 SystemApi                        New SystemApi INSTANCE.
2017-07-29 01:53:31 56881     INFO    env                    logToFile                        AppVersion:1.3.0.1,Darwin,x64,darwin,16.6.0,BuiltType:0
2017-07-29 01:53:31 56881     INFO    env                    logToFile                        Clear Logs .
2017-07-29 01:53:31 56857     bbb     bbb                    bbb                              {}
2017-07-29 01:53:32 56857     INFO    System                 HotplugCallback                  {"PlugType":0,"VID":1112,"PID":376}
2017-07-29 01:53:32 56857     INFO    interface              OnHotPlug                        OnHotPlug
2017-07-29 01:53:32 56857     INFO    main                   GeniusProtocol                   {"Type":1,"SN":null,"Func":"RefreshDevice","Param":{"VID":"458","PID":"178"}}
2017-07-29 01:53:32 56857     INFO    interface              OnHotPlug                        {"Type":1,"SN":null,"Func":"RefreshDevice","Param":{"VID":"458","PID":"178"}}
2017-07-29 01:53:32 56857     [MSG]   [services]             [ProtocolMessage]                ipc on RefreshDevice begin...
2017-07-29 01:54:50 56978     INFO    env                    logToFile                        AppVersion:1.3.0.1,Darwin,x64,darwin,16.6.0,BuiltType:0
2017-07-29 01:54:50 56978     INFO    env                    logToFile                        Clear Logs .
2017-07-29 01:54:51 56978     INFO    window                 SmartWindow                       New SmartWindow INSTANCE. 
2017-07-29 01:54:51 56978     INFO    Interface              SmartProtocol                     New SmartProtocol INSTANCE. 
2017-07-29 01:54:51 56978     INFO    System                 SystemApi                        New SystemApi INSTANCE.
2017-07-29 01:54:51 57002     INFO    env                    logToFile                        AppVersion:1.3.0.1,Darwin,x64,darwin,16.6.0,BuiltType:0
2017-07-29 01:54:51 57002     INFO    env                    logToFile                        Clear Logs .
2017-07-29 01:54:52 56978     bbb     bbb                    bbb                              {}
2017-07-29 01:55:01 56978     INFO    System                 HotplugCallback                  {"PlugType":1,"VID":1112,"PID":376}
2017-07-29 01:55:01 56978     INFO    interface              OnHotPlug                        OnHotPlug
2017-07-29 01:55:01 56978     INFO    main                   GeniusProtocol                   {"Type":1,"SN":null,"Func":"RefreshDevice","Param":{"VID":"458","PID":"178"}}
2017-07-29 01:55:01 56978     INFO    interface              OnHotPlug                        {"Type":1,"SN":null,"Func":"RefreshDevice","Param":{"VID":"458","PID":"178"}}
2017-07-29 01:55:01 56978     [MSG]   [services]             [ProtocolMessage]                ipc on RefreshDevice begin...
2017-07-29 01:55:21 56978     INFO    System                 HotplugCallback                  {"PlugType":0,"VID":1112,"PID":376}
2017-07-29 01:55:21 56978     INFO    interface              OnHotPlug                        OnHotPlug
2017-07-29 01:55:21 56978     INFO    main                   GeniusProtocol                   {"Type":1,"SN":null,"Func":"RefreshDevice","Param":{"VID":"458","PID":"178"}}
2017-07-29 01:55:22 56978     INFO    interface              OnHotPlug                        {"Type":1,"SN":null,"Func":"RefreshDevice","Param":{"VID":"458","PID":"178"}}
2017-07-29 01:55:22 56978     [MSG]   [services]             [ProtocolMessage]                ipc on RefreshDevice begin...
2017-07-29 01:55:25 57037     INFO    env                    logToFile                        AppVersion:1.3.0.1,Darwin,x64,darwin,16.6.0,BuiltType:0
2017-07-29 01:55:25 57037     INFO    env                    logToFile                        Clear Logs .
2017-07-29 01:55:26 57037     INFO    window                 SmartWindow                       New SmartWindow INSTANCE. 
2017-07-29 01:55:26 57037     INFO    Interface              SmartProtocol                     New SmartProtocol INSTANCE. 
2017-07-29 01:55:26 57037     INFO    System                 SystemApi                        New SystemApi INSTANCE.
2017-07-29 01:55:26 57062     INFO    env                    logToFile                        AppVersion:1.3.0.1,Darwin,x64,darwin,16.6.0,BuiltType:0
2017-07-29 01:55:26 57062     INFO    env                    logToFile                        Clear Logs .
2017-07-29 01:55:27 57037     bbb     bbb                    bbb                              {}
2017-07-29 03:55:57 57037     INFO    System                 HotplugCallback                  {"PlugType":1,"VID":1452,"PID":33798}
2017-07-29 03:55:58 57037     INFO    interface              OnHotPlug                        OnHotPlug
2017-07-29 03:55:58 57037     INFO    main                   GeniusProtocol                   {"Type":1,"SN":null,"Func":"RefreshDevice","Param":{"VID":"5ac","PID":"8406"}}
2017-07-29 03:55:58 57037     INFO    interface              OnHotPlug                        {"Type":1,"SN":null,"Func":"RefreshDevice","Param":{"VID":"5ac","PID":"8406"}}
2017-07-29 03:55:58 57037     INFO    System                 HotplugCallback                  {"PlugType":-1,"VID":0,"PID":0}
2017-07-29 03:55:58 57037     INFO    interface              OnHotPlug                        OnHotPlug
2017-07-29 03:55:58 57037     INFO    main                   GeniusProtocol                   {"Type":1,"SN":null,"Func":"RefreshDevice","Param":{"VID":"0","PID":"0"}}
2017-07-29 03:55:58 57037     INFO    interface              OnHotPlug                        {"Type":1,"SN":null,"Func":"RefreshDevice","Param":{"VID":"0","PID":"0"}}
2017-07-29 03:55:58 57037     [MSG]   [services]             [ProtocolMessage]                ipc on RefreshDevice begin...
2017-07-29 03:55:58 57037     [MSG]   [services]             [ProtocolMessage]                ipc on RefreshDevice begin...
2017-07-29 05:44:02 57037     INFO    System                 HotplugCallback                  {"PlugType":0,"VID":1452,"PID":33798}
2017-07-29 05:44:02 57037     INFO    interface              OnHotPlug                        OnHotPlug
2017-07-29 05:44:02 57037     INFO    main                   GeniusProtocol                   {"Type":1,"SN":null,"Func":"RefreshDevice","Param":{"VID":"5ac","PID":"8406"}}
2017-07-29 05:44:02 57037     INFO    interface              OnHotPlug                        {"Type":1,"SN":null,"Func":"RefreshDevice","Param":{"VID":"5ac","PID":"8406"}}
2017-07-29 05:44:02 57037     [MSG]   [services]             [ProtocolMessage]                ipc on RefreshDevice begin...
2017-07-29 05:44:02 57037     INFO    System                 HotplugCallback                  {"PlugType":-1,"VID":0,"PID":0}
2017-07-29 05:44:02 57037     INFO    interface              OnHotPlug                        OnHotPlug
2017-07-29 05:44:02 57037     INFO    main                   GeniusProtocol                   {"Type":1,"SN":null,"Func":"RefreshDevice","Param":{"VID":"0","PID":"0"}}
2017-07-29 05:44:02 57037     INFO    interface              OnHotPlug                        {"Type":1,"SN":null,"Func":"RefreshDevice","Param":{"VID":"0","PID":"0"}}
2017-07-29 05:44:02 57037     [MSG]   [services]             [ProtocolMessage]                ipc on RefreshDevice begin...
2017-07-29 07:32:07 57037     INFO    System                 HotplugCallback                  {"PlugType":0,"VID":1452,"PID":33798}
2017-07-29 07:32:07 57037     INFO    interface              OnHotPlug                        OnHotPlug
2017-07-29 07:32:07 57037     INFO    main                   GeniusProtocol                   {"Type":1,"SN":null,"Func":"RefreshDevice","Param":{"VID":"5ac","PID":"8406"}}
2017-07-29 07:32:07 57037     INFO    interface              OnHotPlug                        {"Type":1,"SN":null,"Func":"RefreshDevice","Param":{"VID":"5ac","PID":"8406"}}
2017-07-29 07:32:07 57037     [MSG]   [services]             [ProtocolMessage]                ipc on RefreshDevice begin...
2017-07-29 07:32:07 57037     INFO    System                 HotplugCallback                  {"PlugType":1,"VID":1452,"PID":33798}
2017-07-29 07:32:07 57037     INFO    interface              OnHotPlug                        OnHotPlug
2017-07-29 07:32:07 57037     INFO    main                   GeniusProtocol                   {"Type":1,"SN":null,"Func":"RefreshDevice","Param":{"VID":"5ac","PID":"8406"}}
2017-07-29 07:32:07 57037     INFO    interface              OnHotPlug                        {"Type":1,"SN":null,"Func":"RefreshDevice","Param":{"VID":"5ac","PID":"8406"}}
2017-07-29 07:32:07 57037     [MSG]   [services]             [ProtocolMessage]                ipc on RefreshDevice begin...
2017-07-29 07:50:49 57037     INFO    System                 HotplugCallback                  {"PlugType":0,"VID":1452,"PID":33798}
2017-07-29 07:50:49 57037     INFO    interface              OnHotPlug                        OnHotPlug
2017-07-29 07:50:49 57037     INFO    main                   GeniusProtocol                   {"Type":1,"SN":null,"Func":"RefreshDevice","Param":{"VID":"5ac","PID":"8406"}}
2017-07-29 07:50:49 57037     INFO    interface              OnHotPlug                        {"Type":1,"SN":null,"Func":"RefreshDevice","Param":{"VID":"5ac","PID":"8406"}}
2017-07-29 07:50:49 57037     [MSG]   [services]             [ProtocolMessage]                ipc on RefreshDevice begin...
2017-07-29 07:50:49 57037     INFO    System                 HotplugCallback                  {"PlugType":1,"VID":1452,"PID":33798}
2017-07-29 07:50:49 57037     INFO    interface              OnHotPlug                        OnHotPlug
2017-07-29 07:50:49 57037     INFO    main                   GeniusProtocol                   {"Type":1,"SN":null,"Func":"RefreshDevice","Param":{"VID":"5ac","PID":"8406"}}
2017-07-29 07:50:49 57037     INFO    interface              OnHotPlug                        {"Type":1,"SN":null,"Func":"RefreshDevice","Param":{"VID":"5ac","PID":"8406"}}
2017-07-29 07:50:49 57037     [MSG]   [services]             [ProtocolMessage]                ipc on RefreshDevice begin...
2017-07-29 09:39:00 57037     INFO    System                 HotplugCallback                  {"PlugType":0,"VID":1452,"PID":33798}
2017-07-29 09:39:00 57037     INFO    interface              OnHotPlug                        OnHotPlug
2017-07-29 09:39:00 57037     INFO    main                   GeniusProtocol                   {"Type":1,"SN":null,"Func":"RefreshDevice","Param":{"VID":"5ac","PID":"8406"}}
2017-07-29 09:39:00 57037     INFO    interface              OnHotPlug                        {"Type":1,"SN":null,"Func":"RefreshDevice","Param":{"VID":"5ac","PID":"8406"}}
2017-07-29 09:39:00 57037     [MSG]   [services]             [ProtocolMessage]                ipc on RefreshDevice begin...
2017-07-29 09:39:00 57037     INFO    System                 HotplugCallback                  {"PlugType":1,"VID":1452,"PID":33798}
2017-07-29 09:39:00 57037     INFO    interface              OnHotPlug                        OnHotPlug
2017-07-29 09:39:00 57037     INFO    main                   GeniusProtocol                   {"Type":1,"SN":null,"Func":"RefreshDevice","Param":{"VID":"5ac","PID":"8406"}}
2017-07-29 09:39:00 57037     INFO    interface              OnHotPlug                        {"Type":1,"SN":null,"Func":"RefreshDevice","Param":{"VID":"5ac","PID":"8406"}}
2017-07-29 09:39:00 57037     [MSG]   [services]             [ProtocolMessage]                ipc on RefreshDevice begin...
2017-07-29 11:27:05 57037     INFO    System                 HotplugCallback                  {"PlugType":0,"VID":1452,"PID":33798}
2017-07-29 11:27:05 57037     INFO    interface              OnHotPlug                        OnHotPlug
2017-07-29 11:27:05 57037     INFO    main                   GeniusProtocol                   {"Type":1,"SN":null,"Func":"RefreshDevice","Param":{"VID":"5ac","PID":"8406"}}
2017-07-29 11:27:05 57037     INFO    interface              OnHotPlug                        {"Type":1,"SN":null,"Func":"RefreshDevice","Param":{"VID":"5ac","PID":"8406"}}
2017-07-29 11:27:05 57037     [MSG]   [services]             [ProtocolMessage]                ipc on RefreshDevice begin...
2017-07-29 11:27:05 57037     INFO    System                 HotplugCallback                  {"PlugType":1,"VID":1452,"PID":33798}
2017-07-29 11:27:05 57037     INFO    interface              OnHotPlug                        OnHotPlug
2017-07-29 11:27:05 57037     INFO    main                   GeniusProtocol                   {"Type":1,"SN":null,"Func":"RefreshDevice","Param":{"VID":"5ac","PID":"8406"}}
2017-07-29 11:27:05 57037     INFO    interface              OnHotPlug                        {"Type":1,"SN":null,"Func":"RefreshDevice","Param":{"VID":"5ac","PID":"8406"}}
2017-07-29 11:27:05 57037     [MSG]   [services]             [ProtocolMessage]                ipc on RefreshDevice begin...
2017-07-29 12:42:08 57037     INFO    System                 HotplugCallback                  {"PlugType":0,"VID":1452,"PID":33798}
2017-07-29 12:42:08 57037     INFO    interface              OnHotPlug                        OnHotPlug
2017-07-29 12:42:08 57037     INFO    main                   GeniusProtocol                   {"Type":1,"SN":null,"Func":"RefreshDevice","Param":{"VID":"5ac","PID":"8406"}}
2017-07-29 12:42:08 57037     INFO    interface              OnHotPlug                        {"Type":1,"SN":null,"Func":"RefreshDevice","Param":{"VID":"5ac","PID":"8406"}}
2017-07-29 12:42:08 57037     [MSG]   [services]             [ProtocolMessage]                ipc on RefreshDevice begin...
2017-07-29 12:42:08 57037     INFO    System                 HotplugCallback                  {"PlugType":1,"VID":1452,"PID":33798}
2017-07-29 12:42:08 57037     INFO    interface              OnHotPlug                        OnHotPlug
2017-07-29 12:42:08 57037     INFO    main                   GeniusProtocol                   {"Type":1,"SN":null,"Func":"RefreshDevice","Param":{"VID":"5ac","PID":"8406"}}
2017-07-29 12:42:08 57037     INFO    interface              OnHotPlug                        {"Type":1,"SN":null,"Func":"RefreshDevice","Param":{"VID":"5ac","PID":"8406"}}
2017-07-29 12:42:08 57037     [MSG]   [services]             [ProtocolMessage]                ipc on RefreshDevice begin...
2017-07-29 12:45:59 57037     INFO    System                 HotplugCallback                  {"PlugType":0,"VID":1452,"PID":33798}
2017-07-29 12:45:59 57037     INFO    interface              OnHotPlug                        OnHotPlug
2017-07-29 12:45:59 57037     INFO    main                   GeniusProtocol                   {"Type":1,"SN":null,"Func":"RefreshDevice","Param":{"VID":"5ac","PID":"8406"}}
2017-07-29 12:45:59 57037     INFO    interface              OnHotPlug                        {"Type":1,"SN":null,"Func":"RefreshDevice","Param":{"VID":"5ac","PID":"8406"}}
2017-07-29 12:45:59 57037     [MSG]   [services]             [ProtocolMessage]                ipc on RefreshDevice begin...
2017-07-29 12:45:59 57037     INFO    System                 HotplugCallback                  {"PlugType":1,"VID":1452,"PID":33798}
2017-07-29 12:45:59 57037     INFO    interface              OnHotPlug                        OnHotPlug
2017-07-29 12:45:59 57037     INFO    main                   GeniusProtocol                   {"Type":1,"SN":null,"Func":"RefreshDevice","Param":{"VID":"5ac","PID":"8406"}}
2017-07-29 12:45:59 57037     INFO    interface              OnHotPlug                        {"Type":1,"SN":null,"Func":"RefreshDevice","Param":{"VID":"5ac","PID":"8406"}}
2017-07-29 12:45:59 57037     [MSG]   [services]             [ProtocolMessage]                ipc on RefreshDevice begin...
2017-07-29 12:46:55 57037     INFO    System                 HotplugCallback                  {"PlugType":0,"VID":1452,"PID":33798}
2017-07-29 12:46:55 57037     INFO    interface              OnHotPlug                        OnHotPlug
2017-07-29 12:46:55 57037     INFO    main                   GeniusProtocol                   {"Type":1,"SN":null,"Func":"RefreshDevice","Param":{"VID":"5ac","PID":"8406"}}
2017-07-29 12:46:55 57037     INFO    interface              OnHotPlug                        {"Type":1,"SN":null,"Func":"RefreshDevice","Param":{"VID":"5ac","PID":"8406"}}
2017-07-29 12:46:55 57037     [MSG]   [services]             [ProtocolMessage]                ipc on RefreshDevice begin...
2017-07-29 12:46:55 57037     INFO    System                 HotplugCallback                  {"PlugType":1,"VID":1452,"PID":33798}
2017-07-29 12:46:55 57037     INFO    interface              OnHotPlug                        OnHotPlug
2017-07-29 12:46:55 57037     INFO    main                   GeniusProtocol                   {"Type":1,"SN":null,"Func":"RefreshDevice","Param":{"VID":"5ac","PID":"8406"}}
2017-07-29 12:46:55 57037     INFO    interface              OnHotPlug                        {"Type":1,"SN":null,"Func":"RefreshDevice","Param":{"VID":"5ac","PID":"8406"}}
2017-07-29 12:46:55 57037     [MSG]   [services]             [ProtocolMessage]                ipc on RefreshDevice begin...
2017-07-29 13:44:32 62001     INFO    env                    logToFile                        AppVersion:1.3.0.1,Darwin,x64,darwin,16.6.0,BuiltType:0
2017-07-29 13:44:32 62001     INFO    env                    logToFile                        Clear Logs .
2017-07-29 13:44:32 62001     INFO    window                 SmartWindow                       New SmartWindow INSTANCE. 
2017-07-29 13:44:33 62001     INFO    Interface              SmartProtocol                     New SmartProtocol INSTANCE. 
2017-07-29 13:44:33 62001     INFO    System                 SystemApi                        New SystemApi INSTANCE.
2017-07-29 13:44:33 62026     INFO    env                    logToFile                        AppVersion:1.3.0.1,Darwin,x64,darwin,16.6.0,BuiltType:0
2017-07-29 13:44:33 62026     INFO    env                    logToFile                        Clear Logs .
2017-07-29 13:44:33 62001     bbb     bbb                    bbb                              {}
2017-07-29 13:45:22 62076     INFO    env                    logToFile                        AppVersion:1.3.0.1,Darwin,x64,darwin,16.6.0,BuiltType:0
2017-07-29 13:45:22 62076     INFO    env                    logToFile                        Clear Logs .
2017-07-29 13:45:22 62076     INFO    window                 SmartWindow                       New SmartWindow INSTANCE. 
2017-07-29 13:45:22 62076     INFO    Interface              SmartProtocol                     New SmartProtocol INSTANCE. 
2017-07-29 13:45:22 62076     INFO    System                 SystemApi                        New SystemApi INSTANCE.
2017-07-29 13:54:36 62588     INFO    env                    logToFile                        AppVersion:1.3.0.1,Darwin,x64,darwin,16.6.0,BuiltType:0
2017-07-29 13:54:36 62588     INFO    env                    logToFile                        Clear Logs .
2017-07-29 13:54:54 62604     INFO    env                    logToFile                        AppVersion:1.3.0.1,Darwin,x64,darwin,16.6.0,BuiltType:0
2017-07-29 13:54:54 62604     INFO    env                    logToFile                        Clear Logs .
2017-07-29 13:54:54 62604     INFO    window                 SmartWindow                       New SmartWindow INSTANCE. 
2017-07-29 13:54:54 62604     INFO    Interface              SmartProtocol                     New SmartProtocol INSTANCE. 
2017-07-29 13:54:54 62604     INFO    System                 SystemApi                        New SystemApi INSTANCE.
2017-07-29 13:55:25 62661     INFO    env                    logToFile                        AppVersion:1.3.0.1,Darwin,x64,darwin,16.6.0,BuiltType:0
2017-07-29 13:55:25 62661     INFO    env                    logToFile                        Clear Logs .
2017-07-29 13:55:25 62661     INFO    window                 SmartWindow                       New SmartWindow INSTANCE. 
2017-07-29 13:55:25 62661     INFO    Interface              SmartProtocol                     New SmartProtocol INSTANCE. 
2017-07-29 13:55:25 62661     INFO    System                 SystemApi                        New SystemApi INSTANCE.
2017-07-29 13:56:17 62735     INFO    env                    logToFile                        AppVersion:1.3.0.1,Darwin,x64,darwin,16.6.0,BuiltType:0
2017-07-29 13:56:17 62735     INFO    env                    logToFile                        Clear Logs .
2017-07-29 13:56:18 62735     INFO    window                 SmartWindow                       New SmartWindow INSTANCE. 
2017-07-29 13:56:18 62735     INFO    Interface              SmartProtocol                     New SmartProtocol INSTANCE. 
2017-07-29 13:56:18 62735     INFO    System                 SystemApi                        New SystemApi INSTANCE.
2017-07-29 14:58:25 62735     INFO    System                 HotplugCallback                  {"PlugType":0,"VID":1452,"PID":33798}
2017-07-29 14:58:25 62735     INFO    interface              OnHotPlug                        OnHotPlug
2017-07-29 14:58:25 62735     INFO    main                   GeniusProtocol                   {"Type":1,"SN":null,"Func":"RefreshDevice","Param":{"VID":"5ac","PID":"8406"}}
2017-07-29 14:58:25 62735     INFO    interface              OnHotPlug                        {"Type":1,"SN":null,"Func":"RefreshDevice","Param":{"VID":"5ac","PID":"8406"}}
2017-07-29 14:58:25 62735     INFO    System                 HotplugCallback                  {"PlugType":1,"VID":1452,"PID":33798}
2017-07-29 14:58:25 62735     INFO    interface              OnHotPlug                        OnHotPlug
2017-07-29 14:58:25 62735     INFO    main                   GeniusProtocol                   {"Type":1,"SN":null,"Func":"RefreshDevice","Param":{"VID":"5ac","PID":"8406"}}
2017-07-29 14:58:25 62735     INFO    interface              OnHotPlug                        {"Type":1,"SN":null,"Func":"RefreshDevice","Param":{"VID":"5ac","PID":"8406"}}
2017-07-29 16:41:12 67481     INFO    env                    logToFile                        AppVersion:1.3.0.1,Darwin,x64,darwin,16.6.0,BuiltType:0
2017-07-29 16:41:12 67481     INFO    env                    logToFile                        Clear Logs .
2017-07-29 16:41:13 67481     INFO    window                 SmartWindow                       New SmartWindow INSTANCE. 
2017-07-29 16:41:13 67481     INFO    Interface              SmartProtocol                     New SmartProtocol INSTANCE. 
2017-07-29 16:41:13 67481     INFO    System                 SystemApi                        New SystemApi INSTANCE.
2017-07-29 16:41:43 67542     INFO    env                    logToFile                        AppVersion:1.3.0.1,Darwin,x64,darwin,16.6.0,BuiltType:0
2017-07-29 16:41:43 67542     INFO    env                    logToFile                        Clear Logs .
2017-07-29 16:41:43 67542     INFO    window                 SmartWindow                       New SmartWindow INSTANCE. 
2017-07-29 16:41:43 67542     INFO    Interface              SmartProtocol                     New SmartProtocol INSTANCE. 
2017-07-29 16:41:43 67542     INFO    System                 SystemApi                        New SystemApi INSTANCE.
2017-07-29 17:19:29 69210     INFO    env                    logToFile                        AppVersion:1.3.0.1,Darwin,x64,darwin,16.6.0,BuiltType:0
2017-07-29 17:19:29 69210     INFO    env                    logToFile                        Clear Logs .
2017-07-29 17:19:48 69226     INFO    env                    logToFile                        AppVersion:1.3.0.1,Darwin,x64,darwin,16.6.0,BuiltType:0
2017-07-29 17:19:48 69226     INFO    env                    logToFile                        Clear Logs .
2017-07-29 17:19:48 69226     INFO    window                 SmartWindow                       New SmartWindow INSTANCE. 
2017-07-29 17:19:49 69226     INFO    Interface              SmartProtocol                     New SmartProtocol INSTANCE. 
2017-07-29 17:19:49 69226     INFO    System                 SystemApi                        New SystemApi INSTANCE.
2017-07-29 17:20:49 69299     INFO    env                    logToFile                        AppVersion:1.3.0.1,Darwin,x64,darwin,16.6.0,BuiltType:0
2017-07-29 17:20:49 69299     INFO    env                    logToFile                        Clear Logs .
2017-07-29 17:20:49 69299     INFO    window                 SmartWindow                       New SmartWindow INSTANCE. 
2017-07-29 17:20:49 69299     INFO    Interface              SmartProtocol                     New SmartProtocol INSTANCE. 
2017-07-29 17:20:49 69299     INFO    System                 SystemApi                        New SystemApi INSTANCE.
2017-07-29 17:22:54 69423     INFO    env                    logToFile                        AppVersion:1.3.0.1,Darwin,x64,darwin,16.6.0,BuiltType:0
2017-07-29 17:22:54 69423     INFO    env                    logToFile                        Clear Logs .
2017-07-29 17:23:27 69448     INFO    env                    logToFile                        AppVersion:1.3.0.1,Darwin,x64,darwin,16.6.0,BuiltType:0
2017-07-29 17:23:27 69448     INFO    env                    logToFile                        Clear Logs .
2017-07-29 17:23:27 69448     INFO    window                 SmartWindow                       New SmartWindow INSTANCE. 
2017-07-29 17:23:27 69448     INFO    Interface              SmartProtocol                     New SmartProtocol INSTANCE. 
2017-07-29 17:23:27 69448     INFO    System                 SystemApi                        New SystemApi INSTANCE.
2017-07-29 17:25:16 69562     INFO    env                    logToFile                        AppVersion:1.3.0.1,Darwin,x64,darwin,16.6.0,BuiltType:0
2017-07-29 17:25:16 69562     INFO    env                    logToFile                        Clear Logs .
2017-07-29 17:25:16 69562     INFO    window                 SmartWindow                       New SmartWindow INSTANCE. 
2017-07-29 17:25:16 69562     INFO    Interface              SmartProtocol                     New SmartProtocol INSTANCE. 
2017-07-29 17:25:16 69562     INFO    System                 SystemApi                        New SystemApi INSTANCE.
2017-07-29 17:25:53 69628     INFO    env                    logToFile                        AppVersion:1.3.0.1,Darwin,x64,darwin,16.6.0,BuiltType:0
2017-07-29 17:25:53 69628     INFO    env                    logToFile                        Clear Logs .
2017-07-29 17:25:53 69628     INFO    window                 SmartWindow                       New SmartWindow INSTANCE. 
2017-07-29 17:25:53 69628     INFO    Interface              SmartProtocol                     New SmartProtocol INSTANCE. 
2017-07-29 17:25:53 69628     INFO    System                 SystemApi                        New SystemApi INSTANCE.
2017-07-29 17:26:22 69679     INFO    env                    logToFile                        AppVersion:1.3.0.1,Darwin,x64,darwin,16.6.0,BuiltType:0
2017-07-29 17:26:22 69679     INFO    env                    logToFile                        Clear Logs .
2017-07-29 17:26:23 69679     INFO    window                 SmartWindow                       New SmartWindow INSTANCE. 
2017-07-29 17:26:23 69679     INFO    Interface              SmartProtocol                     New SmartProtocol INSTANCE. 
2017-07-29 17:26:23 69679     INFO    System                 SystemApi                        New SystemApi INSTANCE.
2017-07-29 17:26:32 69719     INFO    env                    logToFile                        AppVersion:1.3.0.1,Darwin,x64,darwin,16.6.0,BuiltType:0
2017-07-29 17:26:32 69719     INFO    env                    logToFile                        Clear Logs .
2017-07-29 17:26:32 69719     INFO    window                 SmartWindow                       New SmartWindow INSTANCE. 
2017-07-29 17:26:32 69719     INFO    Interface              SmartProtocol                     New SmartProtocol INSTANCE. 
2017-07-29 17:26:32 69719     INFO    System                 SystemApi                        New SystemApi INSTANCE.
2017-07-29 17:30:16 69912     INFO    env                    logToFile                        AppVersion:1.3.0.1,Darwin,x64,darwin,16.6.0,BuiltType:0
2017-07-29 17:30:16 69912     INFO    env                    logToFile                        Clear Logs .
2017-07-29 17:30:16 69912     INFO    window                 SmartWindow                       New SmartWindow INSTANCE. 
2017-07-29 17:30:16 69912     INFO    Interface              SmartProtocol                     New SmartProtocol INSTANCE. 
2017-07-29 17:30:16 69912     INFO    System                 SystemApi                        New SystemApi INSTANCE.
2017-07-29 17:30:31 69954     INFO    env                    logToFile                        AppVersion:1.3.0.1,Darwin,x64,darwin,16.6.0,BuiltType:0
2017-07-29 17:30:31 69954     INFO    env                    logToFile                        Clear Logs .
2017-07-29 17:30:31 69954     INFO    window                 SmartWindow                       New SmartWindow INSTANCE. 
2017-07-29 17:30:31 69954     INFO    Interface              SmartProtocol                     New SmartProtocol INSTANCE. 
2017-07-29 17:30:31 69954     INFO    System                 SystemApi                        New SystemApi INSTANCE.
2017-07-29 17:31:16 70016     INFO    env                    logToFile                        AppVersion:1.3.0.1,Darwin,x64,darwin,16.6.0,BuiltType:0
2017-07-29 17:31:16 70016     INFO    env                    logToFile                        Clear Logs .
2017-07-29 17:31:16 70016     INFO    window                 SmartWindow                       New SmartWindow INSTANCE. 
2017-07-29 17:31:16 70016     INFO    Interface              SmartProtocol                     New SmartProtocol INSTANCE. 
2017-07-29 17:31:16 70016     INFO    System                 SystemApi                        New SystemApi INSTANCE.
2017-07-29 17:31:54 70079     INFO    env                    logToFile                        AppVersion:1.3.0.1,Darwin,x64,darwin,16.6.0,BuiltType:0
2017-07-29 17:31:54 70079     INFO    env                    logToFile                        Clear Logs .
2017-07-29 17:31:54 70079     INFO    window                 SmartWindow                       New SmartWindow INSTANCE. 
2017-07-29 17:31:54 70079     INFO    Interface              SmartProtocol                     New SmartProtocol INSTANCE. 
2017-07-29 17:31:54 70079     INFO    System                 SystemApi                        New SystemApi INSTANCE.
2017-07-29 17:33:12 70169     INFO    env                    logToFile                        AppVersion:1.3.0.1,Darwin,x64,darwin,16.6.0,BuiltType:0
2017-07-29 17:33:12 70169     INFO    env                    logToFile                        Clear Logs .
2017-07-29 17:33:12 70169     INFO    window                 SmartWindow                       New SmartWindow INSTANCE. 
2017-07-29 17:33:12 70169     INFO    Interface              SmartProtocol                     New SmartProtocol INSTANCE. 
2017-07-29 17:33:12 70169     INFO    System                 SystemApi                        New SystemApi INSTANCE.
2017-07-29 17:33:24 70209     INFO    env                    logToFile                        AppVersion:1.3.0.1,Darwin,x64,darwin,16.6.0,BuiltType:0
2017-07-29 17:33:24 70209     INFO    env                    logToFile                        Clear Logs .
2017-07-29 17:33:25 70209     INFO    window                 SmartWindow                       New SmartWindow INSTANCE. 
2017-07-29 17:33:25 70209     INFO    Interface              SmartProtocol                     New SmartProtocol INSTANCE. 
2017-07-29 17:33:25 70209     INFO    System                 SystemApi                        New SystemApi INSTANCE.
2017-07-29 17:34:35 70305     INFO    env                    logToFile                        AppVersion:1.3.0.1,Darwin,x64,darwin,16.6.0,BuiltType:0
2017-07-29 17:34:35 70305     INFO    env                    logToFile                        Clear Logs .
2017-07-29 17:34:35 70305     INFO    window                 SmartWindow                       New SmartWindow INSTANCE. 
2017-07-29 17:34:35 70305     INFO    Interface              SmartProtocol                     New SmartProtocol INSTANCE. 
2017-07-29 17:34:35 70305     INFO    System                 SystemApi                        New SystemApi INSTANCE.
2017-07-29 17:37:20 70461     INFO    env                    logToFile                        AppVersion:1.3.0.1,Darwin,x64,darwin,16.6.0,BuiltType:0
2017-07-29 17:37:20 70461     INFO    env                    logToFile                        Clear Logs .
2017-07-29 17:37:20 70461     INFO    window                 SmartWindow                       New SmartWindow INSTANCE. 
2017-07-29 17:37:21 70461     INFO    Interface              SmartProtocol                     New SmartProtocol INSTANCE. 
2017-07-29 17:37:21 70461     INFO    System                 SystemApi                        New SystemApi INSTANCE.
2017-07-29 17:39:05 70571     INFO    env                    logToFile                        AppVersion:1.3.0.1,Darwin,x64,darwin,16.6.0,BuiltType:0
2017-07-29 17:39:05 70571     INFO    env                    logToFile                        Clear Logs .
2017-07-29 17:39:06 70571     INFO    window                 SmartWindow                       New SmartWindow INSTANCE. 
2017-07-29 17:39:06 70571     INFO    Interface              SmartProtocol                     New SmartProtocol INSTANCE. 
2017-07-29 17:39:06 70571     INFO    System                 SystemApi                        New SystemApi INSTANCE.
2017-07-29 17:39:17 70611     INFO    env                    logToFile                        AppVersion:1.3.0.1,Darwin,x64,darwin,16.6.0,BuiltType:0
2017-07-29 17:39:17 70611     INFO    env                    logToFile                        Clear Logs .
2017-07-29 17:39:17 70611     INFO    window                 SmartWindow                       New SmartWindow INSTANCE. 
2017-07-29 17:39:17 70611     INFO    Interface              SmartProtocol                     New SmartProtocol INSTANCE. 
2017-07-29 17:39:17 70611     INFO    System                 SystemApi                        New SystemApi INSTANCE.
2017-07-29 17:40:45 70717     INFO    env                    logToFile                        AppVersion:1.3.0.1,Darwin,x64,darwin,16.6.0,BuiltType:0
2017-07-29 17:40:45 70717     INFO    env                    logToFile                        Clear Logs .
2017-07-29 17:40:45 70717     INFO    window                 SmartWindow                       New SmartWindow INSTANCE. 
2017-07-29 17:40:45 70717     INFO    Interface              SmartProtocol                     New SmartProtocol INSTANCE. 
2017-07-29 17:40:45 70717     INFO    System                 SystemApi                        New SystemApi INSTANCE.
2017-07-29 17:42:49 70835     INFO    env                    logToFile                        AppVersion:1.3.0.1,Darwin,x64,darwin,16.6.0,BuiltType:0
2017-07-29 17:42:49 70835     INFO    env                    logToFile                        Clear Logs .
2017-07-29 17:42:49 70835     INFO    window                 SmartWindow                       New SmartWindow INSTANCE. 
2017-07-29 17:42:49 70835     INFO    Interface              SmartProtocol                     New SmartProtocol INSTANCE. 
2017-07-29 17:42:49 70835     INFO    System                 SystemApi                        New SystemApi INSTANCE.
2017-07-29 17:51:03 71204     INFO    env                    logToFile                        AppVersion:1.3.0.1,Darwin,x64,darwin,16.6.0,BuiltType:0
2017-07-29 17:51:03 71204     INFO    env                    logToFile                        Clear Logs .
2017-07-29 17:51:03 71204     INFO    window                 SmartWindow                       New SmartWindow INSTANCE. 
2017-07-29 17:51:03 71204     INFO    Interface              SmartProtocol                     New SmartProtocol INSTANCE. 
2017-07-29 17:51:03 71204     INFO    System                 SystemApi                        New SystemApi INSTANCE.
2017-07-29 17:52:42 71319     INFO    env                    logToFile                        AppVersion:1.3.0.1,Darwin,x64,darwin,16.6.0,BuiltType:0
2017-07-29 17:52:42 71319     INFO    env                    logToFile                        Clear Logs .
2017-07-29 17:52:42 71319     INFO    window                 SmartWindow                       New SmartWindow INSTANCE. 
2017-07-29 17:52:42 71319     INFO    Interface              SmartProtocol                     New SmartProtocol INSTANCE. 
2017-07-29 17:52:42 71319     INFO    System                 SystemApi                        New SystemApi INSTANCE.
2017-07-29 18:00:50 71689     INFO    env                    logToFile                        AppVersion:1.3.0.1,Darwin,x64,darwin,16.6.0,BuiltType:0
2017-07-29 18:00:50 71689     INFO    env                    logToFile                        Clear Logs .
2017-07-29 18:00:50 71689     INFO    window                 SmartWindow                       New SmartWindow INSTANCE. 
2017-07-29 18:00:50 71689     INFO    Interface              SmartProtocol                     New SmartProtocol INSTANCE. 
2017-07-29 18:00:50 71689     INFO    System                 SystemApi                        New SystemApi INSTANCE.
2017-07-29 18:01:49 71773     INFO    env                    logToFile                        AppVersion:1.3.0.1,Darwin,x64,darwin,16.6.0,BuiltType:0
2017-07-29 18:01:49 71773     INFO    env                    logToFile                        Clear Logs .
2017-07-29 18:01:49 71773     INFO    window                 SmartWindow                       New SmartWindow INSTANCE. 
2017-07-29 18:01:49 71773     INFO    Interface              SmartProtocol                     New SmartProtocol INSTANCE. 
2017-07-29 18:01:49 71773     INFO    System                 SystemApi                        New SystemApi INSTANCE.
2017-07-29 18:07:25 72378     INFO    env                    logToFile                        AppVersion:1.3.0.1,Darwin,x64,darwin,16.6.0,BuiltType:0
2017-07-29 18:07:25 72378     INFO    env                    logToFile                        Clear Logs .
2017-07-29 18:07:25 72378     INFO    window                 SmartWindow                       New SmartWindow INSTANCE. 
2017-07-29 18:07:25 72378     INFO    Interface              SmartProtocol                     New SmartProtocol INSTANCE. 
2017-07-29 18:07:25 72378     INFO    System                 SystemApi                        New SystemApi INSTANCE.
2017-07-29 18:10:38 72562     INFO    env                    logToFile                        AppVersion:1.3.0.1,Darwin,x64,darwin,16.6.0,BuiltType:0
2017-07-29 18:10:38 72562     INFO    env                    logToFile                        Clear Logs .
2017-07-29 18:10:39 72562     INFO    window                 SmartWindow                       New SmartWindow INSTANCE. 
2017-07-29 18:10:39 72562     INFO    Interface              SmartProtocol                     New SmartProtocol INSTANCE. 
2017-07-29 18:10:39 72562     INFO    System                 SystemApi                        New SystemApi INSTANCE.
2017-07-29 18:14:43 72881     INFO    env                    logToFile                        AppVersion:1.3.0.1,Darwin,x64,darwin,16.6.0,BuiltType:0
2017-07-29 18:14:43 72881     INFO    env                    logToFile                        Clear Logs .
2017-07-29 18:14:43 72881     INFO    window                 SmartWindow                       New SmartWindow INSTANCE. 
2017-07-29 18:14:43 72881     INFO    Interface              SmartProtocol                     New SmartProtocol INSTANCE. 
2017-07-29 18:14:43 72881     INFO    System                 SystemApi                        New SystemApi INSTANCE.
2017-07-29 18:14:58 72927     INFO    env                    logToFile                        AppVersion:1.3.0.1,Darwin,x64,darwin,16.6.0,BuiltType:0
2017-07-29 18:14:58 72927     INFO    env                    logToFile                        Clear Logs .
2017-07-29 18:14:59 72927     INFO    window                 SmartWindow                       New SmartWindow INSTANCE. 
2017-07-29 18:14:59 72927     INFO    Interface              SmartProtocol                     New SmartProtocol INSTANCE. 
2017-07-29 18:14:59 72927     INFO    System                 SystemApi                        New SystemApi INSTANCE.
2017-07-29 18:16:39 73040     INFO    env                    logToFile                        AppVersion:1.3.0.1,Darwin,x64,darwin,16.6.0,BuiltType:0
2017-07-29 18:16:39 73040     INFO    env                    logToFile                        Clear Logs .
2017-07-29 18:16:39 73040     INFO    window                 SmartWindow                       New SmartWindow INSTANCE. 
2017-07-29 18:16:40 73040     INFO    Interface              SmartProtocol                     New SmartProtocol INSTANCE. 
2017-07-29 18:16:40 73040     INFO    System                 SystemApi                        New SystemApi INSTANCE.
2017-07-29 18:23:02 73347     INFO    env                    logToFile                        AppVersion:1.3.0.1,Darwin,x64,darwin,16.6.0,BuiltType:0
2017-07-29 18:23:02 73347     INFO    env                    logToFile                        Clear Logs .
2017-07-29 18:25:11 73490     INFO    env                    logToFile                        AppVersion:1.3.0.1,Darwin,x64,darwin,16.6.0,BuiltType:0
2017-07-29 18:25:11 73490     INFO    env                    logToFile                        Clear Logs .
2017-07-29 18:25:25 73503     INFO    env                    logToFile                        AppVersion:1.3.0.1,Darwin,x64,darwin,16.6.0,BuiltType:0
2017-07-29 18:25:25 73503     INFO    env                    logToFile                        Clear Logs .
2017-07-29 18:25:25 73503     INFO    window                 SmartWindow                       New SmartWindow INSTANCE. 
2017-07-29 18:25:25 73503     INFO    Interface              SmartProtocol                     New SmartProtocol INSTANCE. 
2017-07-29 18:25:25 73503     INFO    System                 SystemApi                        New SystemApi INSTANCE.
2017-07-29 18:26:05 73566     INFO    env                    logToFile                        AppVersion:1.3.0.1,Darwin,x64,darwin,16.6.0,BuiltType:0
2017-07-29 18:26:05 73566     INFO    env                    logToFile                        Clear Logs .
2017-07-29 19:49:29 73503     INFO    System                 HotplugCallback                  {"PlugType":0,"VID":1452,"PID":33798}
2017-07-29 19:49:29 73503     INFO    interface              OnHotPlug                        OnHotPlug
2017-07-29 19:49:29 73503     INFO    main                   GeniusProtocol                   {"Type":1,"SN":null,"Func":"RefreshDevice","Param":{"VID":"5ac","PID":"8406"}}
2017-07-29 19:49:29 73503     INFO    interface              OnHotPlug                        {"Type":1,"SN":null,"Func":"RefreshDevice","Param":{"VID":"5ac","PID":"8406"}}
2017-07-29 19:49:29 73503     INFO    System                 HotplugCallback                  {"PlugType":1,"VID":1452,"PID":33798}
2017-07-29 19:49:29 73503     INFO    interface              OnHotPlug                        OnHotPlug
2017-07-29 19:49:29 73503     INFO    main                   GeniusProtocol                   {"Type":1,"SN":null,"Func":"RefreshDevice","Param":{"VID":"5ac","PID":"8406"}}
2017-07-29 19:49:29 73503     INFO    interface              OnHotPlug                        {"Type":1,"SN":null,"Func":"RefreshDevice","Param":{"VID":"5ac","PID":"8406"}}
2017-07-29 21:37:34 73503     INFO    System                 HotplugCallback                  {"PlugType":0,"VID":1452,"PID":33798}
2017-07-29 21:37:34 73503     INFO    interface              OnHotPlug                        OnHotPlug
2017-07-29 21:37:34 73503     INFO    main                   GeniusProtocol                   {"Type":1,"SN":null,"Func":"RefreshDevice","Param":{"VID":"5ac","PID":"8406"}}
2017-07-29 21:37:34 73503     INFO    interface              OnHotPlug                        {"Type":1,"SN":null,"Func":"RefreshDevice","Param":{"VID":"5ac","PID":"8406"}}
2017-07-29 21:37:34 73503     INFO    System                 HotplugCallback                  {"PlugType":1,"VID":1452,"PID":33798}
2017-07-29 21:37:34 73503     INFO    interface              OnHotPlug                        OnHotPlug
2017-07-29 21:37:34 73503     INFO    main                   GeniusProtocol                   {"Type":1,"SN":null,"Func":"RefreshDevice","Param":{"VID":"5ac","PID":"8406"}}
2017-07-29 21:37:34 73503     INFO    interface              OnHotPlug                        {"Type":1,"SN":null,"Func":"RefreshDevice","Param":{"VID":"5ac","PID":"8406"}}
2017-07-29 22:47:48 73503     INFO    System                 HotplugCallback                  {"PlugType":0,"VID":1452,"PID":33798}
2017-07-29 22:47:48 73503     INFO    interface              OnHotPlug                        OnHotPlug
2017-07-29 22:47:48 73503     INFO    main                   GeniusProtocol                   {"Type":1,"SN":null,"Func":"RefreshDevice","Param":{"VID":"5ac","PID":"8406"}}
2017-07-29 22:47:48 73503     INFO    interface              OnHotPlug                        {"Type":1,"SN":null,"Func":"RefreshDevice","Param":{"VID":"5ac","PID":"8406"}}
2017-07-29 22:47:48 73503     INFO    System                 HotplugCallback                  {"PlugType":1,"VID":1452,"PID":33798}
2017-07-29 22:47:48 73503     INFO    interface              OnHotPlug                        OnHotPlug
2017-07-29 22:47:48 73503     INFO    main                   GeniusProtocol                   {"Type":1,"SN":null,"Func":"RefreshDevice","Param":{"VID":"5ac","PID":"8406"}}
2017-07-29 22:47:48 73503     INFO    interface              OnHotPlug                        {"Type":1,"SN":null,"Func":"RefreshDevice","Param":{"VID":"5ac","PID":"8406"}}
2017-07-29 23:30:00 75507     INFO    env                    logToFile                        AppVersion:1.3.0.1,Darwin,x64,darwin,16.6.0,BuiltType:0
2017-07-29 23:30:00 75507     INFO    env                    logToFile                        Clear Logs .
2017-07-29 23:30:01 75507     INFO    window                 SmartWindow                       New SmartWindow INSTANCE. 
2017-07-29 23:30:01 75507     INFO    Interface              SmartProtocol                     New SmartProtocol INSTANCE. 
2017-07-29 23:30:01 75507     INFO    System                 SystemApi                        New SystemApi INSTANCE.
2017-07-29 23:31:05 75590     INFO    env                    logToFile                        AppVersion:1.3.0.1,Darwin,x64,darwin,16.6.0,BuiltType:0
2017-07-29 23:31:05 75590     INFO    env                    logToFile                        Clear Logs .
2017-07-29 23:31:05 75590     INFO    window                 SmartWindow                       New SmartWindow INSTANCE. 
2017-07-29 23:31:05 75590     INFO    Interface              SmartProtocol                     New SmartProtocol INSTANCE. 
2017-07-29 23:31:05 75590     INFO    System                 SystemApi                        New SystemApi INSTANCE.
2017-07-29 23:31:48 75666     INFO    env                    logToFile                        AppVersion:1.3.0.1,Darwin,x64,darwin,16.6.0,BuiltType:0
2017-07-29 23:31:48 75666     INFO    env                    logToFile                        Clear Logs .
2017-07-29 23:31:49 75666     INFO    window                 SmartWindow                       New SmartWindow INSTANCE. 
2017-07-29 23:31:49 75666     INFO    Interface              SmartProtocol                     New SmartProtocol INSTANCE. 
2017-07-29 23:31:49 75666     INFO    System                 SystemApi                        New SystemApi INSTANCE.
2017-07-29 23:32:03 75709     INFO    env                    logToFile                        AppVersion:1.3.0.1,Darwin,x64,darwin,16.6.0,BuiltType:0
2017-07-29 23:32:03 75709     INFO    env                    logToFile                        Clear Logs .
2017-07-29 23:34:28 75822     INFO    env                    logToFile                        AppVersion:1.3.0.1,Darwin,x64,darwin,16.6.0,BuiltType:0
2017-07-29 23:34:28 75822     INFO    env                    logToFile                        Clear Logs .
2017-07-29 23:34:28 75822     INFO    window                 SmartWindow                       New SmartWindow INSTANCE. 
2017-07-29 23:34:29 75822     INFO    Interface              SmartProtocol                     New SmartProtocol INSTANCE. 
2017-07-29 23:34:29 75822     INFO    System                 SystemApi                        New SystemApi INSTANCE.
2017-07-29 23:38:28 76035     INFO    env                    logToFile                        AppVersion:1.3.0.1,Darwin,x64,darwin,16.6.0,BuiltType:0
2017-07-29 23:38:28 76035     INFO    env                    logToFile                        Clear Logs .
2017-07-29 23:38:29 76035     INFO    window                 SmartWindow                       New SmartWindow INSTANCE. 
2017-07-29 23:38:29 76035     INFO    Interface              SmartProtocol                     New SmartProtocol INSTANCE. 
2017-07-29 23:38:29 76035     INFO    System                 SystemApi                        New SystemApi INSTANCE.
2017-07-29 23:44:29 76365     INFO    env                    logToFile                        AppVersion:1.3.0.1,Darwin,x64,darwin,16.6.0,BuiltType:0
2017-07-29 23:44:29 76365     INFO    env                    logToFile                        Clear Logs .
2017-07-29 23:44:29 76365     INFO    window                 SmartWindow                       New SmartWindow INSTANCE. 
2017-07-29 23:44:30 76365     INFO    Interface              SmartProtocol                     New SmartProtocol INSTANCE. 
2017-07-29 23:44:30 76365     INFO    System                 SystemApi                        New SystemApi INSTANCE.
2017-07-29 23:45:44 76452     INFO    env                    logToFile                        AppVersion:1.3.0.1,Darwin,x64,darwin,16.6.0,BuiltType:0
2017-07-29 23:45:44 76452     INFO    env                    logToFile                        Clear Logs .
2017-07-29 23:47:53 76572     INFO    env                    logToFile                        AppVersion:1.3.0.1,Darwin,x64,darwin,16.6.0,BuiltType:0
2017-07-29 23:47:53 76572     INFO    env                    logToFile                        Clear Logs .
2017-07-29 23:47:54 76572     INFO    window                 SmartWindow                       New SmartWindow INSTANCE. 
2017-07-29 23:47:54 76572     INFO    Interface              SmartProtocol                     New SmartProtocol INSTANCE. 
2017-07-29 23:47:54 76572     INFO    System                 SystemApi                        New SystemApi INSTANCE.
2017-07-29 23:48:01 76612     INFO    env                    logToFile                        AppVersion:1.3.0.1,Darwin,x64,darwin,16.6.0,BuiltType:0
2017-07-29 23:48:01 76612     INFO    env                    logToFile                        Clear Logs .
2017-07-29 23:52:21 76863     INFO    env                    logToFile                        AppVersion:1.3.0.1,Darwin,x64,darwin,16.6.0,BuiltType:0
2017-07-29 23:52:21 76863     INFO    env                    logToFile                        Clear Logs .
2017-07-29 23:53:58 76926     INFO    env                    logToFile                        AppVersion:1.3.0.1,Darwin,x64,darwin,16.6.0,BuiltType:0
2017-07-29 23:53:58 76926     INFO    env                    logToFile                        Clear Logs .
2017-07-29 23:56:22 77039     INFO    env                    logToFile                        AppVersion:1.3.0.1,Darwin,x64,darwin,16.6.0,BuiltType:0
2017-07-29 23:56:22 77039     INFO    env                    logToFile                        Clear Logs .
